This file contains any messages produced by compilers while
running configure, to aid debugging if configure makes a mistake.

It was created by grail configure 3.2.0, which was
generated by GNU Autoconf 2.59.  Invocation command line was

  $ ./configure --prefix=/Users/moot/grailexec

## --------- ##
## Platform. ##
## --------- ##

hostname = armagh.home
uname -m = x86_64
uname -r = 12.4.0
uname -s = Darwin
uname -v = Darwin Kernel Version 12.4.0: Wed May  1 17:57:12 PDT 2013; root:xnu-2050.24.15~1/RELEASE_X86_64

/usr/bin/uname -p = i386
/bin/uname -X     = unknown

/bin/arch              = unknown
/usr/bin/arch -k       = unknown
/usr/convex/getsysinfo = unknown
hostinfo               = Mach kernel version:
	 Darwin Kernel Version 12.4.0: Wed May  1 17:57:12 PDT 2013; root:xnu-2050.24.15~1/RELEASE_X86_64
Kernel configured for up to 4 processors.
2 processors are physically available.
4 processors are logically available.
Processor type: i486 (Intel 80486)
Processors active: 0 1 2 3
Primary memory available: 8.00 gigabytes
Default processor set: 111 tasks, 525 threads, 4 processors
Load average: 1.91, Mach factor: 2.36
/bin/machine           = unknown
/usr/bin/oslevel       = unknown
/bin/universe          = unknown

PATH: /Users/moot/Library/Enthought/Canopy_32bit/User/bin
PATH: /usr/bin
PATH: /bin
PATH: /usr/sbin
PATH: /sbin
PATH: /usr/local/bin
PATH: /opt/X11/bin
PATH: /usr/texbin
PATH: /opt/X11/bin
PATH: /Users/moot/grailexec/bin
PATH: /Users/moot/checkout/Corpus/bin
PATH: /opt/local/bin
PATH: /usr/texbin
PATH: /Users/moot/Corpus/WSJ/candc-1.00/bin


## ----------- ##
## Core tests. ##
## ----------- ##

configure:1248: HTML help enabled
configure:1267: checking for xpce
configure:1298: result: NULL
configure:1308: checking for swipl
configure:1326: found /opt/local/bin/swipl
configure:1339: result: /opt/local/bin/swipl
configure:1350: checking for tclsh
configure:1368: found /usr/bin/tclsh
configure:1381: result: /usr/bin/tclsh
configure:1392: checking for dot
configure:1410: found /usr/local/bin/dot
configure:1423: result: /usr/local/bin/dot
configure:1446: checking for pdflatex
configure:1464: found /usr/texbin/pdflatex
configure:1477: result: /usr/texbin/pdflatex
configure:1488: checking for mv
configure:1506: found /bin/mv
configure:1519: result: /bin/mv
configure:1530: checking for sed
configure:1548: found /usr/bin/sed
configure:1561: result: /usr/bin/sed
configure:1574: checking for gv
configure:1607: result: no
configure:1574: checking for open
configure:1592: found /usr/bin/open
configure:1604: result: /usr/bin/open
configure:1621: checking for open
configure:1639: found /usr/bin/open
configure:1651: result: /usr/bin/open
configure:1799: creating ./config.status

## ---------------------- ##
## Running config.status. ##
## ---------------------- ##

This file was extended by grail config.status 3.2.0, which was
generated by GNU Autoconf 2.59.  Invocation command line was

  CONFIG_FILES    = 
  CONFIG_HEADERS  = 
  CONFIG_LINKS    = 
  CONFIG_COMMANDS = 
  $ ./config.status 

on armagh.home

config.status:639: creating Makefile
config.status:639: creating source/insertdot
config.status:639: creating source/g3
config.status:639: creating source/chart_var.pl
config.status:699: error: cannot find input file: source/chart_var.pl.in

## ---------------- ##
## Cache variables. ##
## ---------------- ##

ac_cv_env_build_alias_set=
ac_cv_env_build_alias_value=
ac_cv_env_host_alias_set=
ac_cv_env_host_alias_value=
ac_cv_env_target_alias_set=
ac_cv_env_target_alias_value=
ac_cv_path_DOT=/usr/local/bin/dot
ac_cv_path_GV=/usr/bin/open
ac_cv_path_MV=/bin/mv
ac_cv_path_PDF=/usr/bin/open
ac_cv_path_PDFLATEX=/usr/texbin/pdflatex
ac_cv_path_SED=/usr/bin/sed
ac_cv_path_SWIPL=/opt/local/bin/swipl
ac_cv_path_TCLSH=/usr/bin/tclsh
ac_cv_path_XPCE=NULL

## ----------------- ##
## Output variables. ##
## ----------------- ##

DEFS='-DPACKAGE_NAME=\"grail\" -DPACKAGE_TARNAME=\"grail\" -DPACKAGE_VERSION=\"3.2.0\" -DPACKAGE_STRING=\"grail\ 3.2.0\" -DPACKAGE_BUGREPORT=\"Richard.Moot@labri.fr\" '
DOT='/usr/local/bin/dot'
ECHO_C='ECHO_N=''
ECHO_T=''
GRAIL_YEAR='2013'
GRAPHVIZ='/usr/local/bin'
GV='/usr/bin/open'
HTML='xpce_html.'
LIBOBJS=''
LIBS=''
LTLIBOBJS=''
MV='/bin/mv'
PACKAGE_BUGREPORT='Richard.Moot@labri.fr'
PACKAGE_NAME='grail'
PACKAGE_STRING='grail 3.2.0'
PACKAGE_TARNAME='grail'
PACKAGE_VERSION='3.2.0'
PATH_SEPARATOR=':'
PDF='/usr/bin/open'
PDFLATEX='/usr/texbin/pdflatex'
SED='/usr/bin/sed'
SHELL='/bin/sh'
SWIPL='/opt/local/bin/swipl'
TCLSH='/usr/bin/tclsh'
XPCE='NULL'
bindir='${exec_prefix}/bin'
build_alias=''
datadir='${prefix}/share'
exec_prefix='${prefix}'
host_alias=''
includedir='${prefix}/include'
infodir='${prefix}/info'
libdir='${exec_prefix}/lib'
libexecdir='${exec_prefix}/libexec'
localstatedir='${prefix}/var'
mandir='${prefix}/man'
oldincludedir='/usr/include'
prefix='/Users/moot/grailexec'
program_transform_name='s,x,x,'
sbindir='${exec_prefix}/sbin'
sharedstatedir='${prefix}/com'
sysconfdir='${prefix}/etc'
target_alias=''

## ----------- ##
## confdefs.h. ##
## ----------- ##

#define PACKAGE_BUGREPORT "Richard.Moot@labri.fr"
#define PACKAGE_NAME "grail"
#define PACKAGE_STRING "grail 3.2.0"
#define PACKAGE_TARNAME "grail"
#define PACKAGE_VERSION "3.2.0"

configure: exit 1
